<?xml version="1.0" encoding="UTF-8"?>
<testng-results ignored="0" total="1" passed="1" failed="0" skipped="0">
  <reporter-output>
  </reporter-output>
  <suite started-at="2022-06-14T12:36:10 CST" name="Suite" finished-at="2022-06-14T12:36:37 CST" duration-ms="26423">
    <groups>
    </groups>
    <test started-at="2022-06-14T12:36:10 CST" name="Test" finished-at="2022-06-14T12:36:37 CST" duration-ms="26423">
      <class name="testRepoSelenium.testClass">
        <test-method signature="test()[pri:0, instance:testRepoSelenium.testClass@13e39c73]" started-at="2022-06-14T12:36:11 CST" name="test" finished-at="2022-06-14T12:36:37 CST" duration-ms="26391" status="PASS">
          <reporter-output>
          </reporter-output>
        </test-method> <!-- test -->
      </class> <!-- testRepoSelenium.testClass -->
    </test> <!-- Test -->
  </suite> <!-- Suite -->
</testng-results>
