<?xml version="1.0" encoding="UTF-8"?>
<testsuite xmlns:xsi="http://www.w3.org/2001/XMLSchema-instance" xsi:noNamespaceSchemaLocation="https://maven.apache.org/surefire/maven-surefire-plugin/xsd/surefire-test-report-3.0.xsd" version="3.0" name="TestSuite" time="20.766" tests="1" errors="0" skipped="0" failures="0">
  <properties>
[...]
</properties>
  <testcase name="test" classname="testRepoSelenium.testClass" time="20.141">
    <system-out><![CDATA[Test Started
Google
Test Completed
]]></system-out>
    <system-err><![CDATA[SLF4J: Failed to load class "org.slf4j.impl.StaticLoggerBinder".
SLF4J: Defaulting to no-operation (NOP) logger implementation
SLF4J: See http://www.slf4j.org/codes.html#StaticLoggerBinder for further details.
ERROR StatusLogger Log4j2 could not find a logging implementation. Please add log4j-core to the classpath. Using SimpleLogger to log to the console...
1655241787670	geckodriver	INFO	Listening on 127.0.0.1:60595
1655241787851	mozrunner::runner	INFO	Running command: "/usr/lib/firefox/firefox" "--marionette" "--headless" "--remote-debugging-port" "56382" "--remote-allow-hosts" "localhost" "--remote-allow-origins" "http://localhost:56382/" "-no-remote" "-profile" "/tmp/rust_mozprofileyYYdbg"
*** You are running in headless mode.
1655241790856	Marionette	INFO	Marionette enabled
[GFX1-]: RenderCompositorSWGL failed mapping default framebuffer, no dt
console.warn: SearchSettings: "get: No settings file exists, new profile?" (new NotFoundError("Could not open the file at /tmp/rust_mozprofileyYYdbg/search.json.mozlz4", (void 0)))
DevTools listening on ws://localhost:56382/devtools/browser/4c4e38a0-16a7-4943-b542-52b78e3f80ff
1655241796712	Marionette	INFO	Listening on port 44271
Read port: 44271
1655241796799	RemoteAgent	WARN	TLS certificate errors will be ignored for this session
Jun. 14, 2022 3:23:16 P.M. org.openqa.selenium.remote.ProtocolHandshake createSession
INFO: Detected upstream dialect: W3C
1655241803658	Marionette	INFO	Stopped listening on port 44271
JavaScript error: resource://gre/modules/UrlClassifierListManager.jsm, line 691: TypeError: this.tablesData[table] is undefined
]]></system-err>
  </testcase>
</testsuite>